<?xml version="1.0" encoding="UTF-8"?>
<robot generator="Robot 6.1.1 (Python 3.10.12 on linux)" generated="20241114 18:25:33.863" rpa="false" schemaversion="4">
<suite id="s1" name="Tests" source="/home/jukaveka/Documents/ohtu/ohtupalautukset/viikko3/web-login/src/tests">
<suite id="s1-s1" name="Home" source="/home/jukaveka/Documents/ohtu/ohtupalautukset/viikko3/web-login/src/tests/home.robot">
<kw name="Open And Configure Browser" library="resource" type="SETUP">
<if>
<branch type="IF" condition="$BROWSER == 'chrome'">
<kw name="Evaluate" library="BuiltIn">
<var>${options}</var>
<arg>sys.modules['selenium.webdriver'].ChromeOptions()</arg>
<arg>sys</arg>
<doc>Evaluates the given expression in Python and returns the result.</doc>
<msg timestamp="20241114 18:25:34.123" level="INFO">${options} = &lt;selenium.webdriver.chrome.options.Options object at 0x76be10c82aa0&gt;</msg>
<status status="PASS" starttime="20241114 18:25:34.123" endtime="20241114 18:25:34.123"/>
</kw>
<status status="PASS" starttime="20241114 18:25:34.107" endtime="20241114 18:25:34.123"/>
</branch>
<branch type="ELSE IF" condition="$BROWSER == 'firefox'">
<kw name="Evaluate" library="BuiltIn">
<var>${options}</var>
<arg>sys.modules['selenium.webdriver'].FirefoxOptions()</arg>
<arg>sys</arg>
<doc>Evaluates the given expression in Python and returns the result.</doc>
<status status="NOT RUN" starttime="20241114 18:25:34.124" endtime="20241114 18:25:34.124"/>
</kw>
<status status="NOT RUN" starttime="20241114 18:25:34.123" endtime="20241114 18:25:34.124"/>
</branch>
<status status="PASS" starttime="20241114 18:25:34.107" endtime="20241114 18:25:34.124"/>
</if>
<if>
<branch type="IF" condition="$HEADLESS == 'true'">
<kw name="Set Selenium Speed" library="SeleniumLibrary">
<arg>0</arg>
<doc>Sets the delay that is waited after each Selenium command.</doc>
<status status="NOT RUN" starttime="20241114 18:25:34.124" endtime="20241114 18:25:34.124"/>
</kw>
<kw name="Call Method" library="BuiltIn">
<arg>${options}</arg>
<arg>add_argument</arg>
<arg>--headless</arg>
<doc>Calls the named method of the given object with the provided arguments.</doc>
<status status="NOT RUN" starttime="20241114 18:25:34.124" endtime="20241114 18:25:34.124"/>
</kw>
<status status="NOT RUN" starttime="20241114 18:25:34.124" endtime="20241114 18:25:34.124"/>
</branch>
<branch type="ELSE">
<kw name="Set Selenium Speed" library="SeleniumLibrary">
<arg>${DELAY}</arg>
<doc>Sets the delay that is waited after each Selenium command.</doc>
<status status="PASS" starttime="20241114 18:25:34.124" endtime="20241114 18:25:34.125"/>
</kw>
<status status="PASS" starttime="20241114 18:25:34.124" endtime="20241114 18:25:34.125"/>
</branch>
<status status="PASS" starttime="20241114 18:25:34.124" endtime="20241114 18:25:34.125"/>
</if>
<kw name="Open Browser" library="SeleniumLibrary">
<arg>browser=${BROWSER}</arg>
<arg>options=${options}</arg>
<doc>Opens a new browser instance to the optional ``url``.</doc>
<msg timestamp="20241114 18:25:34.125" level="INFO">Opening browser 'chrome' to base url 'None'.</msg>
<status status="PASS" starttime="20241114 18:25:34.125" endtime="20241114 18:25:34.854"/>
</kw>
<status status="PASS" starttime="20241114 18:25:34.107" endtime="20241114 18:25:34.854"/>
</kw>
<test id="s1-s1-t1" name="Click Login Link" line="10">
<kw name="Reset Application And Go To Starting Page" type="SETUP">
<kw name="Reset Application" library="AppLibrary">
<status status="PASS" starttime="20241114 18:25:34.855" endtime="20241114 18:25:34.860"/>
</kw>
<kw name="Go To Starting Page" library="resource">
<kw name="Go To" library="SeleniumLibrary">
<arg>${HOME_URL}</arg>
<doc>Navigates the current browser window to the provided ``url``.</doc>
<msg timestamp="20241114 18:25:34.861" level="INFO">Opening url 'http://localhost:5001'</msg>
<status status="PASS" starttime="20241114 18:25:34.860" endtime="20241114 18:25:35.437"/>
</kw>
<status status="PASS" starttime="20241114 18:25:34.860" endtime="20241114 18:25:35.437"/>
</kw>
<status status="PASS" starttime="20241114 18:25:34.855" endtime="20241114 18:25:35.438"/>
</kw>
<kw name="Click Link" library="SeleniumLibrary">
<arg>Login</arg>
<doc>Clicks a link identified by ``locator``.</doc>
<msg timestamp="20241114 18:25:35.441" level="INFO">Clicking link 'Login'.</msg>
<status status="PASS" starttime="20241114 18:25:35.439" endtime="20241114 18:25:37.100"/>
</kw>
<kw name="Login Page Should Be Open" library="resource">
<kw name="Title Should Be" library="SeleniumLibrary">
<arg>Login</arg>
<doc>Verifies that the current page title equals ``title``.</doc>
<msg timestamp="20241114 18:25:37.617" level="INFO">Page title is 'Login'.</msg>
<status status="PASS" starttime="20241114 18:25:37.102" endtime="20241114 18:25:37.617"/>
</kw>
<status status="PASS" starttime="20241114 18:25:37.101" endtime="20241114 18:25:37.617"/>
</kw>
<status status="PASS" starttime="20241114 18:25:34.854" endtime="20241114 18:25:37.618"/>
</test>
<test id="s1-s1-t2" name="Click Register Link" line="14">
<kw name="Reset Application And Go To Starting Page" type="SETUP">
<kw name="Reset Application" library="AppLibrary">
<status status="PASS" starttime="20241114 18:25:37.620" endtime="20241114 18:25:37.625"/>
</kw>
<kw name="Go To Starting Page" library="resource">
<kw name="Go To" library="SeleniumLibrary">
<arg>${HOME_URL}</arg>
<doc>Navigates the current browser window to the provided ``url``.</doc>
<msg timestamp="20241114 18:25:37.626" level="INFO">Opening url 'http://localhost:5001'</msg>
<status status="PASS" starttime="20241114 18:25:37.626" endtime="20241114 18:25:38.168"/>
</kw>
<status status="PASS" starttime="20241114 18:25:37.625" endtime="20241114 18:25:38.168"/>
</kw>
<status status="PASS" starttime="20241114 18:25:37.619" endtime="20241114 18:25:38.169"/>
</kw>
<kw name="Click Link" library="SeleniumLibrary">
<arg>Register new user</arg>
<doc>Clicks a link identified by ``locator``.</doc>
<msg timestamp="20241114 18:25:38.171" level="INFO">Clicking link 'Register new user'.</msg>
<status status="PASS" starttime="20241114 18:25:38.169" endtime="20241114 18:25:39.811"/>
</kw>
<kw name="Register Page Should Be Open" library="resource">
<kw name="Title Should Be" library="SeleniumLibrary">
<arg>Register</arg>
<doc>Verifies that the current page title equals ``title``.</doc>
<msg timestamp="20241114 18:25:40.324" level="INFO">Page title is 'Register'.</msg>
<status status="PASS" starttime="20241114 18:25:39.813" endtime="20241114 18:25:40.324"/>
</kw>
<status status="PASS" starttime="20241114 18:25:39.812" endtime="20241114 18:25:40.324"/>
</kw>
<status status="PASS" starttime="20241114 18:25:37.619" endtime="20241114 18:25:40.325"/>
</test>
<kw name="Close Browser" library="SeleniumLibrary" type="TEARDOWN">
<doc>Closes the current browser.</doc>
<status status="PASS" starttime="20241114 18:25:40.327" endtime="20241114 18:25:40.891"/>
</kw>
<status status="PASS" starttime="20241114 18:25:33.880" endtime="20241114 18:25:40.891"/>
</suite>
<suite id="s1-s2" name="Login" source="/home/jukaveka/Documents/ohtu/ohtupalautukset/viikko3/web-login/src/tests/login.robot">
<kw name="Open And Configure Browser" library="resource" type="SETUP">
<if>
<branch type="IF" condition="$BROWSER == 'chrome'">
<kw name="Evaluate" library="BuiltIn">
<var>${options}</var>
<arg>sys.modules['selenium.webdriver'].ChromeOptions()</arg>
<arg>sys</arg>
<doc>Evaluates the given expression in Python and returns the result.</doc>
<msg timestamp="20241114 18:25:40.901" level="INFO">${options} = &lt;selenium.webdriver.chrome.options.Options object at 0x76be10530c10&gt;</msg>
<status status="PASS" starttime="20241114 18:25:40.900" endtime="20241114 18:25:40.901"/>
</kw>
<status status="PASS" starttime="20241114 18:25:40.900" endtime="20241114 18:25:40.901"/>
</branch>
<branch type="ELSE IF" condition="$BROWSER == 'firefox'">
<kw name="Evaluate" library="BuiltIn">
<var>${options}</var>
<arg>sys.modules['selenium.webdriver'].FirefoxOptions()</arg>
<arg>sys</arg>
<doc>Evaluates the given expression in Python and returns the result.</doc>
<status status="NOT RUN" starttime="20241114 18:25:40.901" endtime="20241114 18:25:40.901"/>
</kw>
<status status="NOT RUN" starttime="20241114 18:25:40.901" endtime="20241114 18:25:40.901"/>
</branch>
<status status="PASS" starttime="20241114 18:25:40.900" endtime="20241114 18:25:40.901"/>
</if>
<if>
<branch type="IF" condition="$HEADLESS == 'true'">
<kw name="Set Selenium Speed" library="SeleniumLibrary">
<arg>0</arg>
<doc>Sets the delay that is waited after each Selenium command.</doc>
<status status="NOT RUN" starttime="20241114 18:25:40.902" endtime="20241114 18:25:40.902"/>
</kw>
<kw name="Call Method" library="BuiltIn">
<arg>${options}</arg>
<arg>add_argument</arg>
<arg>--headless</arg>
<doc>Calls the named method of the given object with the provided arguments.</doc>
<status status="NOT RUN" starttime="20241114 18:25:40.902" endtime="20241114 18:25:40.902"/>
</kw>
<status status="NOT RUN" starttime="20241114 18:25:40.901" endtime="20241114 18:25:40.902"/>
</branch>
<branch type="ELSE">
<kw name="Set Selenium Speed" library="SeleniumLibrary">
<arg>${DELAY}</arg>
<doc>Sets the delay that is waited after each Selenium command.</doc>
<status status="PASS" starttime="20241114 18:25:40.902" endtime="20241114 18:25:40.903"/>
</kw>
<status status="PASS" starttime="20241114 18:25:40.902" endtime="20241114 18:25:40.903"/>
</branch>
<status status="PASS" starttime="20241114 18:25:40.901" endtime="20241114 18:25:40.903"/>
</if>
<kw name="Open Browser" library="SeleniumLibrary">
<arg>browser=${BROWSER}</arg>
<arg>options=${options}</arg>
<doc>Opens a new browser instance to the optional ``url``.</doc>
<msg timestamp="20241114 18:25:40.904" level="INFO">Opening browser 'chrome' to base url 'None'.</msg>
<status status="PASS" starttime="20241114 18:25:40.903" endtime="20241114 18:25:41.659"/>
</kw>
<status status="PASS" starttime="20241114 18:25:40.900" endtime="20241114 18:25:41.660"/>
</kw>
<test id="s1-s2-t1" name="Login With Correct Credentials" line="8">
<kw name="Reset Application Create User And Go To Login Page" type="SETUP">
<kw name="Reset Application" library="AppLibrary">
<status status="PASS" starttime="20241114 18:25:41.661" endtime="20241114 18:25:41.664"/>
</kw>
<kw name="Create User" library="AppLibrary">
<arg>kalle</arg>
<arg>kalle123</arg>
<status status="PASS" starttime="20241114 18:25:41.664" endtime="20241114 18:25:41.674"/>
</kw>
<kw name="Go To Login Page" library="resource">
<kw name="Go To" library="SeleniumLibrary">
<arg>${LOGIN_URL}</arg>
<doc>Navigates the current browser window to the provided ``url``.</doc>
<msg timestamp="20241114 18:25:41.675" level="INFO">Opening url 'http://localhost:5001/login'</msg>
<status status="PASS" starttime="20241114 18:25:41.674" endtime="20241114 18:25:42.247"/>
</kw>
<status status="PASS" starttime="20241114 18:25:41.674" endtime="20241114 18:25:42.248"/>
</kw>
<status status="PASS" starttime="20241114 18:25:41.660" endtime="20241114 18:25:42.248"/>
</kw>
<kw name="Set Username">
<arg>kalle</arg>
<kw name="Input Text" library="SeleniumLibrary">
<arg>username</arg>
<arg>${username}</arg>
<doc>Types the given ``text`` into the text field identified by ``locator``.</doc>
<msg timestamp="20241114 18:25:42.251" level="INFO">Typing text 'kalle' into text field 'username'.</msg>
<status status="PASS" starttime="20241114 18:25:42.250" endtime="20241114 18:25:43.906"/>
</kw>
<status status="PASS" starttime="20241114 18:25:42.249" endtime="20241114 18:25:43.906"/>
</kw>
<kw name="Set Password">
<arg>kalle123</arg>
<kw name="Input Password" library="SeleniumLibrary">
<arg>password</arg>
<arg>${password}</arg>
<doc>Types the given password into the text field identified by ``locator``.</doc>
<msg timestamp="20241114 18:25:43.910" level="INFO">Typing password into text field 'password'.</msg>
<msg timestamp="20241114 18:25:44.970" level="INFO">Temporally setting log level to: NONE</msg>
<msg timestamp="20241114 18:25:45.537" level="INFO">Log level changed from NONE to INFO.</msg>
<status status="PASS" starttime="20241114 18:25:43.908" endtime="20241114 18:25:45.537"/>
</kw>
<status status="PASS" starttime="20241114 18:25:43.907" endtime="20241114 18:25:45.538"/>
</kw>
<kw name="Submit Credentials">
<kw name="Click Button" library="SeleniumLibrary">
<arg>Login</arg>
<doc>Clicks the button identified by ``locator``.</doc>
<msg timestamp="20241114 18:25:45.540" level="INFO">Clicking button 'Login'.</msg>
<status status="PASS" starttime="20241114 18:25:45.539" endtime="20241114 18:25:47.724"/>
</kw>
<status status="PASS" starttime="20241114 18:25:45.538" endtime="20241114 18:25:47.725"/>
</kw>
<kw name="Login Should Succeed">
<kw name="Main Page Should Be Open" library="resource">
<kw name="Title Should Be" library="SeleniumLibrary">
<arg>Ohtu Application main page</arg>
<doc>Verifies that the current page title equals ``title``.</doc>
<msg timestamp="20241114 18:25:48.242" level="INFO">Page title is 'Ohtu Application main page'.</msg>
<status status="PASS" starttime="20241114 18:25:47.727" endtime="20241114 18:25:48.242"/>
</kw>
<status status="PASS" starttime="20241114 18:25:47.727" endtime="20241114 18:25:48.243"/>
</kw>
<status status="PASS" starttime="20241114 18:25:47.726" endtime="20241114 18:25:48.243"/>
</kw>
<status status="PASS" starttime="20241114 18:25:41.660" endtime="20241114 18:25:48.243"/>
</test>
<test id="s1-s2-t2" name="Login With Incorrect Password" line="14">
<kw name="Reset Application Create User And Go To Login Page" type="SETUP">
<kw name="Reset Application" library="AppLibrary">
<status status="PASS" starttime="20241114 18:25:48.246" endtime="20241114 18:25:48.255"/>
</kw>
<kw name="Create User" library="AppLibrary">
<arg>kalle</arg>
<arg>kalle123</arg>
<status status="PASS" starttime="20241114 18:25:48.255" endtime="20241114 18:25:48.267"/>
</kw>
<kw name="Go To Login Page" library="resource">
<kw name="Go To" library="SeleniumLibrary">
<arg>${LOGIN_URL}</arg>
<doc>Navigates the current browser window to the provided ``url``.</doc>
<msg timestamp="20241114 18:25:48.268" level="INFO">Opening url 'http://localhost:5001/login'</msg>
<status status="PASS" starttime="20241114 18:25:48.268" endtime="20241114 18:25:48.812"/>
</kw>
<status status="PASS" starttime="20241114 18:25:48.267" endtime="20241114 18:25:48.812"/>
</kw>
<status status="PASS" starttime="20241114 18:25:48.245" endtime="20241114 18:25:48.813"/>
</kw>
<kw name="Set Username">
<arg>kalle</arg>
<kw name="Input Text" library="SeleniumLibrary">
<arg>username</arg>
<arg>${username}</arg>
<doc>Types the given ``text`` into the text field identified by ``locator``.</doc>
<msg timestamp="20241114 18:25:48.816" level="INFO">Typing text 'kalle' into text field 'username'.</msg>
<status status="PASS" starttime="20241114 18:25:48.815" endtime="20241114 18:25:50.431"/>
</kw>
<status status="PASS" starttime="20241114 18:25:48.813" endtime="20241114 18:25:50.432"/>
</kw>
<kw name="Set Password">
<arg>kalle456</arg>
<kw name="Input Password" library="SeleniumLibrary">
<arg>password</arg>
<arg>${password}</arg>
<doc>Types the given password into the text field identified by ``locator``.</doc>
<msg timestamp="20241114 18:25:50.436" level="INFO">Typing password into text field 'password'.</msg>
<msg timestamp="20241114 18:25:51.487" level="INFO">Temporally setting log level to: NONE</msg>
<msg timestamp="20241114 18:25:52.062" level="INFO">Log level changed from NONE to INFO.</msg>
<status status="PASS" starttime="20241114 18:25:50.434" endtime="20241114 18:25:52.062"/>
</kw>
<status status="PASS" starttime="20241114 18:25:50.433" endtime="20241114 18:25:52.062"/>
</kw>
<kw name="Submit Credentials">
<kw name="Click Button" library="SeleniumLibrary">
<arg>Login</arg>
<doc>Clicks the button identified by ``locator``.</doc>
<msg timestamp="20241114 18:25:52.064" level="INFO">Clicking button 'Login'.</msg>
<status status="PASS" starttime="20241114 18:25:52.063" endtime="20241114 18:25:54.213"/>
</kw>
<status status="PASS" starttime="20241114 18:25:52.063" endtime="20241114 18:25:54.213"/>
</kw>
<kw name="Login Should Fail With Message">
<arg>Invalid username or password</arg>
<kw name="Login Page Should Be Open" library="resource">
<kw name="Title Should Be" library="SeleniumLibrary">
<arg>Login</arg>
<doc>Verifies that the current page title equals ``title``.</doc>
<msg timestamp="20241114 18:25:54.724" level="INFO">Page title is 'Login'.</msg>
<status status="PASS" starttime="20241114 18:25:54.215" endtime="20241114 18:25:54.724"/>
</kw>
<status status="PASS" starttime="20241114 18:25:54.214" endtime="20241114 18:25:54.724"/>
</kw>
<kw name="Page Should Contain" library="SeleniumLibrary">
<arg>${message}</arg>
<doc>Verifies that current page contains ``text``.</doc>
<msg timestamp="20241114 18:25:55.750" level="INFO">Current page contains text 'Invalid username or password'.</msg>
<status status="PASS" starttime="20241114 18:25:54.724" endtime="20241114 18:25:55.751"/>
</kw>
<status status="PASS" starttime="20241114 18:25:54.213" endtime="20241114 18:25:55.751"/>
</kw>
<status status="PASS" starttime="20241114 18:25:48.244" endtime="20241114 18:25:55.752"/>
</test>
<kw name="Close Browser" library="SeleniumLibrary" type="TEARDOWN">
<doc>Closes the current browser.</doc>
<status status="PASS" starttime="20241114 18:25:55.754" endtime="20241114 18:25:56.317"/>
</kw>
<status status="PASS" starttime="20241114 18:25:40.894" endtime="20241114 18:25:56.317"/>
</suite>
<status status="PASS" starttime="20241114 18:25:33.864" endtime="20241114 18:25:56.320"/>
</suite>
<statistics>
<total>
<stat pass="4" fail="0" skip="0">All Tests</stat>
</total>
<tag>
</tag>
<suite>
<stat pass="4" fail="0" skip="0" id="s1" name="Tests">Tests</stat>
<stat pass="2" fail="0" skip="0" id="s1-s1" name="Home">Tests.Home</stat>
<stat pass="2" fail="0" skip="0" id="s1-s2" name="Login">Tests.Login</stat>
</suite>
</statistics>
<errors>
</errors>
</robot>
