<?xml version="1.0" encoding="UTF-8"?>
<robot generator="Robot 6.1.1 (Python 3.10.12 on linux)" generated="20241114 18:31:44.729" rpa="false" schemaversion="4">
<suite id="s1" name="Tests" source="/home/jukaveka/Documents/ohtu/ohtupalautukset/viikko3/web-login/src/tests">
<suite id="s1-s1" name="Home" source="/home/jukaveka/Documents/ohtu/ohtupalautukset/viikko3/web-login/src/tests/home.robot">
<kw name="Open And Configure Browser" library="resource" type="SETUP">
<if>
<branch type="IF" condition="$BROWSER == 'chrome'">
<kw name="Evaluate" library="BuiltIn">
<var>${options}</var>
<arg>sys.modules['selenium.webdriver'].ChromeOptions()</arg>
<arg>sys</arg>
<doc>Evaluates the given expression in Python and returns the result.</doc>
<msg timestamp="20241114 18:31:44.993" level="INFO">${options} = &lt;selenium.webdriver.chrome.options.Options object at 0x73ebd4cc2c50&gt;</msg>
<status status="PASS" starttime="20241114 18:31:44.992" endtime="20241114 18:31:44.993"/>
</kw>
<status status="PASS" starttime="20241114 18:31:44.978" endtime="20241114 18:31:44.993"/>
</branch>
<branch type="ELSE IF" condition="$BROWSER == 'firefox'">
<kw name="Evaluate" library="BuiltIn">
<var>${options}</var>
<arg>sys.modules['selenium.webdriver'].FirefoxOptions()</arg>
<arg>sys</arg>
<doc>Evaluates the given expression in Python and returns the result.</doc>
<status status="NOT RUN" starttime="20241114 18:31:44.993" endtime="20241114 18:31:44.993"/>
</kw>
<status status="NOT RUN" starttime="20241114 18:31:44.993" endtime="20241114 18:31:44.993"/>
</branch>
<status status="PASS" starttime="20241114 18:31:44.977" endtime="20241114 18:31:44.993"/>
</if>
<if>
<branch type="IF" condition="$HEADLESS == 'true'">
<kw name="Set Selenium Speed" library="SeleniumLibrary">
<arg>0</arg>
<doc>Sets the delay that is waited after each Selenium command.</doc>
<status status="NOT RUN" starttime="20241114 18:31:44.993" endtime="20241114 18:31:44.993"/>
</kw>
<kw name="Call Method" library="BuiltIn">
<arg>${options}</arg>
<arg>add_argument</arg>
<arg>--headless</arg>
<doc>Calls the named method of the given object with the provided arguments.</doc>
<status status="NOT RUN" starttime="20241114 18:31:44.994" endtime="20241114 18:31:44.994"/>
</kw>
<status status="NOT RUN" starttime="20241114 18:31:44.993" endtime="20241114 18:31:44.994"/>
</branch>
<branch type="ELSE">
<kw name="Set Selenium Speed" library="SeleniumLibrary">
<arg>${DELAY}</arg>
<doc>Sets the delay that is waited after each Selenium command.</doc>
<status status="PASS" starttime="20241114 18:31:44.994" endtime="20241114 18:31:44.994"/>
</kw>
<status status="PASS" starttime="20241114 18:31:44.994" endtime="20241114 18:31:44.994"/>
</branch>
<status status="PASS" starttime="20241114 18:31:44.993" endtime="20241114 18:31:44.994"/>
</if>
<kw name="Open Browser" library="SeleniumLibrary">
<arg>browser=${BROWSER}</arg>
<arg>options=${options}</arg>
<doc>Opens a new browser instance to the optional ``url``.</doc>
<msg timestamp="20241114 18:31:44.995" level="INFO">Opening browser 'chrome' to base url 'None'.</msg>
<status status="PASS" starttime="20241114 18:31:44.994" endtime="20241114 18:31:45.695"/>
</kw>
<status status="PASS" starttime="20241114 18:31:44.977" endtime="20241114 18:31:45.695"/>
</kw>
<test id="s1-s1-t1" name="Click Login Link" line="10">
<kw name="Reset Application And Go To Starting Page" type="SETUP">
<kw name="Reset Application" library="AppLibrary">
<status status="PASS" starttime="20241114 18:31:45.697" endtime="20241114 18:31:45.704"/>
</kw>
<kw name="Go To Starting Page" library="resource">
<kw name="Go To" library="SeleniumLibrary">
<arg>${HOME_URL}</arg>
<doc>Navigates the current browser window to the provided ``url``.</doc>
<msg timestamp="20241114 18:31:45.705" level="INFO">Opening url 'http://localhost:5001'</msg>
<status status="PASS" starttime="20241114 18:31:45.705" endtime="20241114 18:31:46.294"/>
</kw>
<status status="PASS" starttime="20241114 18:31:45.704" endtime="20241114 18:31:46.294"/>
</kw>
<status status="PASS" starttime="20241114 18:31:45.697" endtime="20241114 18:31:46.294"/>
</kw>
<kw name="Click Link" library="SeleniumLibrary">
<arg>Login</arg>
<doc>Clicks a link identified by ``locator``.</doc>
<msg timestamp="20241114 18:31:46.297" level="INFO">Clicking link 'Login'.</msg>
<status status="PASS" starttime="20241114 18:31:46.295" endtime="20241114 18:31:47.957"/>
</kw>
<kw name="Login Page Should Be Open" library="resource">
<kw name="Title Should Be" library="SeleniumLibrary">
<arg>Login</arg>
<doc>Verifies that the current page title equals ``title``.</doc>
<msg timestamp="20241114 18:31:48.474" level="INFO">Page title is 'Login'.</msg>
<status status="PASS" starttime="20241114 18:31:47.959" endtime="20241114 18:31:48.475"/>
</kw>
<status status="PASS" starttime="20241114 18:31:47.958" endtime="20241114 18:31:48.475"/>
</kw>
<status status="PASS" starttime="20241114 18:31:45.695" endtime="20241114 18:31:48.475"/>
</test>
<test id="s1-s1-t2" name="Click Register Link" line="14">
<kw name="Reset Application And Go To Starting Page" type="SETUP">
<kw name="Reset Application" library="AppLibrary">
<status status="PASS" starttime="20241114 18:31:48.478" endtime="20241114 18:31:48.483"/>
</kw>
<kw name="Go To Starting Page" library="resource">
<kw name="Go To" library="SeleniumLibrary">
<arg>${HOME_URL}</arg>
<doc>Navigates the current browser window to the provided ``url``.</doc>
<msg timestamp="20241114 18:31:48.485" level="INFO">Opening url 'http://localhost:5001'</msg>
<status status="PASS" starttime="20241114 18:31:48.484" endtime="20241114 18:31:49.026"/>
</kw>
<status status="PASS" starttime="20241114 18:31:48.484" endtime="20241114 18:31:49.026"/>
</kw>
<status status="PASS" starttime="20241114 18:31:48.477" endtime="20241114 18:31:49.027"/>
</kw>
<kw name="Click Link" library="SeleniumLibrary">
<arg>Register new user</arg>
<doc>Clicks a link identified by ``locator``.</doc>
<msg timestamp="20241114 18:31:49.029" level="INFO">Clicking link 'Register new user'.</msg>
<status status="PASS" starttime="20241114 18:31:49.027" endtime="20241114 18:31:50.672"/>
</kw>
<kw name="Register Page Should Be Open" library="resource">
<kw name="Title Should Be" library="SeleniumLibrary">
<arg>Register</arg>
<doc>Verifies that the current page title equals ``title``.</doc>
<msg timestamp="20241114 18:31:51.184" level="INFO">Page title is 'Register'.</msg>
<status status="PASS" starttime="20241114 18:31:50.674" endtime="20241114 18:31:51.184"/>
</kw>
<status status="PASS" starttime="20241114 18:31:50.673" endtime="20241114 18:31:51.184"/>
</kw>
<status status="PASS" starttime="20241114 18:31:48.476" endtime="20241114 18:31:51.185"/>
</test>
<kw name="Close Browser" library="SeleniumLibrary" type="TEARDOWN">
<doc>Closes the current browser.</doc>
<status status="PASS" starttime="20241114 18:31:51.187" endtime="20241114 18:31:51.749"/>
</kw>
<status status="PASS" starttime="20241114 18:31:44.748" endtime="20241114 18:31:51.749"/>
</suite>
<suite id="s1-s2" name="Login" source="/home/jukaveka/Documents/ohtu/ohtupalautukset/viikko3/web-login/src/tests/login.robot">
<kw name="Open And Configure Browser" library="resource" type="SETUP">
<if>
<branch type="IF" condition="$BROWSER == 'chrome'">
<kw name="Evaluate" library="BuiltIn">
<var>${options}</var>
<arg>sys.modules['selenium.webdriver'].ChromeOptions()</arg>
<arg>sys</arg>
<doc>Evaluates the given expression in Python and returns the result.</doc>
<msg timestamp="20241114 18:31:51.758" level="INFO">${options} = &lt;selenium.webdriver.chrome.options.Options object at 0x73ebd43bd210&gt;</msg>
<status status="PASS" starttime="20241114 18:31:51.758" endtime="20241114 18:31:51.758"/>
</kw>
<status status="PASS" starttime="20241114 18:31:51.758" endtime="20241114 18:31:51.759"/>
</branch>
<branch type="ELSE IF" condition="$BROWSER == 'firefox'">
<kw name="Evaluate" library="BuiltIn">
<var>${options}</var>
<arg>sys.modules['selenium.webdriver'].FirefoxOptions()</arg>
<arg>sys</arg>
<doc>Evaluates the given expression in Python and returns the result.</doc>
<status status="NOT RUN" starttime="20241114 18:31:51.759" endtime="20241114 18:31:51.759"/>
</kw>
<status status="NOT RUN" starttime="20241114 18:31:51.759" endtime="20241114 18:31:51.759"/>
</branch>
<status status="PASS" starttime="20241114 18:31:51.758" endtime="20241114 18:31:51.759"/>
</if>
<if>
<branch type="IF" condition="$HEADLESS == 'true'">
<kw name="Set Selenium Speed" library="SeleniumLibrary">
<arg>0</arg>
<doc>Sets the delay that is waited after each Selenium command.</doc>
<status status="NOT RUN" starttime="20241114 18:31:51.759" endtime="20241114 18:31:51.759"/>
</kw>
<kw name="Call Method" library="BuiltIn">
<arg>${options}</arg>
<arg>add_argument</arg>
<arg>--headless</arg>
<doc>Calls the named method of the given object with the provided arguments.</doc>
<status status="NOT RUN" starttime="20241114 18:31:51.759" endtime="20241114 18:31:51.760"/>
</kw>
<status status="NOT RUN" starttime="20241114 18:31:51.759" endtime="20241114 18:31:51.760"/>
</branch>
<branch type="ELSE">
<kw name="Set Selenium Speed" library="SeleniumLibrary">
<arg>${DELAY}</arg>
<doc>Sets the delay that is waited after each Selenium command.</doc>
<status status="PASS" starttime="20241114 18:31:51.760" endtime="20241114 18:31:51.760"/>
</kw>
<status status="PASS" starttime="20241114 18:31:51.760" endtime="20241114 18:31:51.760"/>
</branch>
<status status="PASS" starttime="20241114 18:31:51.759" endtime="20241114 18:31:51.760"/>
</if>
<kw name="Open Browser" library="SeleniumLibrary">
<arg>browser=${BROWSER}</arg>
<arg>options=${options}</arg>
<doc>Opens a new browser instance to the optional ``url``.</doc>
<msg timestamp="20241114 18:31:51.761" level="INFO">Opening browser 'chrome' to base url 'None'.</msg>
<status status="PASS" starttime="20241114 18:31:51.760" endtime="20241114 18:31:52.415"/>
</kw>
<status status="PASS" starttime="20241114 18:31:51.757" endtime="20241114 18:31:52.415"/>
</kw>
<test id="s1-s2-t1" name="Login With Correct Credentials" line="8">
<kw name="Reset Application Create User And Go To Login Page" type="SETUP">
<kw name="Reset Application" library="AppLibrary">
<status status="PASS" starttime="20241114 18:31:52.417" endtime="20241114 18:31:52.422"/>
</kw>
<kw name="Create User" library="AppLibrary">
<arg>kalle</arg>
<arg>kalle123</arg>
<status status="PASS" starttime="20241114 18:31:52.423" endtime="20241114 18:31:52.435"/>
</kw>
<kw name="Go To Login Page" library="resource">
<kw name="Go To" library="SeleniumLibrary">
<arg>${LOGIN_URL}</arg>
<doc>Navigates the current browser window to the provided ``url``.</doc>
<msg timestamp="20241114 18:31:52.436" level="INFO">Opening url 'http://localhost:5001/login'</msg>
<status status="PASS" starttime="20241114 18:31:52.436" endtime="20241114 18:31:53.028"/>
</kw>
<status status="PASS" starttime="20241114 18:31:52.435" endtime="20241114 18:31:53.029"/>
</kw>
<status status="PASS" starttime="20241114 18:31:52.416" endtime="20241114 18:31:53.029"/>
</kw>
<kw name="Set Username">
<arg>kalle</arg>
<kw name="Input Text" library="SeleniumLibrary">
<arg>username</arg>
<arg>${username}</arg>
<doc>Types the given ``text`` into the text field identified by ``locator``.</doc>
<msg timestamp="20241114 18:31:53.033" level="INFO">Typing text 'kalle' into text field 'username'.</msg>
<status status="PASS" starttime="20241114 18:31:53.031" endtime="20241114 18:31:54.698"/>
</kw>
<status status="PASS" starttime="20241114 18:31:53.030" endtime="20241114 18:31:54.699"/>
</kw>
<kw name="Set Password">
<arg>kalle123</arg>
<kw name="Input Password" library="SeleniumLibrary">
<arg>password</arg>
<arg>${password}</arg>
<doc>Types the given password into the text field identified by ``locator``.</doc>
<msg timestamp="20241114 18:31:54.702" level="INFO">Typing password into text field 'password'.</msg>
<msg timestamp="20241114 18:31:55.758" level="INFO">Temporally setting log level to: NONE</msg>
<msg timestamp="20241114 18:31:56.324" level="INFO">Log level changed from NONE to INFO.</msg>
<status status="PASS" starttime="20241114 18:31:54.701" endtime="20241114 18:31:56.325"/>
</kw>
<status status="PASS" starttime="20241114 18:31:54.699" endtime="20241114 18:31:56.325"/>
</kw>
<kw name="Submit Credentials">
<kw name="Click Button" library="SeleniumLibrary">
<arg>Login</arg>
<doc>Clicks the button identified by ``locator``.</doc>
<msg timestamp="20241114 18:31:56.328" level="INFO">Clicking button 'Login'.</msg>
<status status="PASS" starttime="20241114 18:31:56.327" endtime="20241114 18:31:58.482"/>
</kw>
<status status="PASS" starttime="20241114 18:31:56.326" endtime="20241114 18:31:58.483"/>
</kw>
<kw name="Login Should Succeed">
<kw name="Main Page Should Be Open" library="resource">
<kw name="Title Should Be" library="SeleniumLibrary">
<arg>Ohtu Application main page</arg>
<doc>Verifies that the current page title equals ``title``.</doc>
<msg timestamp="20241114 18:31:58.998" level="INFO">Page title is 'Ohtu Application main page'.</msg>
<status status="PASS" starttime="20241114 18:31:58.485" endtime="20241114 18:31:58.998"/>
</kw>
<status status="PASS" starttime="20241114 18:31:58.484" endtime="20241114 18:31:58.999"/>
</kw>
<status status="PASS" starttime="20241114 18:31:58.483" endtime="20241114 18:31:58.999"/>
</kw>
<status status="PASS" starttime="20241114 18:31:52.415" endtime="20241114 18:31:59.000"/>
</test>
<test id="s1-s2-t2" name="Login With Incorrect Password" line="14">
<kw name="Reset Application Create User And Go To Login Page" type="SETUP">
<kw name="Reset Application" library="AppLibrary">
<status status="PASS" starttime="20241114 18:31:59.003" endtime="20241114 18:31:59.008"/>
</kw>
<kw name="Create User" library="AppLibrary">
<arg>kalle</arg>
<arg>kalle123</arg>
<status status="PASS" starttime="20241114 18:31:59.009" endtime="20241114 18:31:59.018"/>
</kw>
<kw name="Go To Login Page" library="resource">
<kw name="Go To" library="SeleniumLibrary">
<arg>${LOGIN_URL}</arg>
<doc>Navigates the current browser window to the provided ``url``.</doc>
<msg timestamp="20241114 18:31:59.019" level="INFO">Opening url 'http://localhost:5001/login'</msg>
<status status="PASS" starttime="20241114 18:31:59.018" endtime="20241114 18:31:59.561"/>
</kw>
<status status="PASS" starttime="20241114 18:31:59.018" endtime="20241114 18:31:59.561"/>
</kw>
<status status="PASS" starttime="20241114 18:31:59.002" endtime="20241114 18:31:59.561"/>
</kw>
<kw name="Set Username">
<arg>kalle</arg>
<kw name="Input Text" library="SeleniumLibrary">
<arg>username</arg>
<arg>${username}</arg>
<doc>Types the given ``text`` into the text field identified by ``locator``.</doc>
<msg timestamp="20241114 18:31:59.564" level="INFO">Typing text 'kalle' into text field 'username'.</msg>
<status status="PASS" starttime="20241114 18:31:59.563" endtime="20241114 18:32:01.189"/>
</kw>
<status status="PASS" starttime="20241114 18:31:59.562" endtime="20241114 18:32:01.190"/>
</kw>
<kw name="Set Password">
<arg>kalle456</arg>
<kw name="Input Password" library="SeleniumLibrary">
<arg>password</arg>
<arg>${password}</arg>
<doc>Types the given password into the text field identified by ``locator``.</doc>
<msg timestamp="20241114 18:32:01.193" level="INFO">Typing password into text field 'password'.</msg>
<msg timestamp="20241114 18:32:02.242" level="INFO">Temporally setting log level to: NONE</msg>
<msg timestamp="20241114 18:32:02.828" level="INFO">Log level changed from NONE to INFO.</msg>
<status status="PASS" starttime="20241114 18:32:01.192" endtime="20241114 18:32:02.828"/>
</kw>
<status status="PASS" starttime="20241114 18:32:01.191" endtime="20241114 18:32:02.829"/>
</kw>
<kw name="Submit Credentials">
<kw name="Click Button" library="SeleniumLibrary">
<arg>Login</arg>
<doc>Clicks the button identified by ``locator``.</doc>
<msg timestamp="20241114 18:32:02.831" level="INFO">Clicking button 'Login'.</msg>
<status status="PASS" starttime="20241114 18:32:02.830" endtime="20241114 18:32:04.943"/>
</kw>
<status status="PASS" starttime="20241114 18:32:02.829" endtime="20241114 18:32:04.944"/>
</kw>
<kw name="Login Should Fail With Message">
<arg>Invalid username or password</arg>
<kw name="Login Page Should Be Open" library="resource">
<kw name="Title Should Be" library="SeleniumLibrary">
<arg>Login</arg>
<doc>Verifies that the current page title equals ``title``.</doc>
<msg timestamp="20241114 18:32:05.459" level="INFO">Page title is 'Login'.</msg>
<status status="PASS" starttime="20241114 18:32:04.946" endtime="20241114 18:32:05.459"/>
</kw>
<status status="PASS" starttime="20241114 18:32:04.945" endtime="20241114 18:32:05.460"/>
</kw>
<kw name="Page Should Contain" library="SeleniumLibrary">
<arg>${message}</arg>
<doc>Verifies that current page contains ``text``.</doc>
<msg timestamp="20241114 18:32:06.493" level="INFO">Current page contains text 'Invalid username or password'.</msg>
<status status="PASS" starttime="20241114 18:32:05.460" endtime="20241114 18:32:06.494"/>
</kw>
<status status="PASS" starttime="20241114 18:32:04.944" endtime="20241114 18:32:06.494"/>
</kw>
<status status="PASS" starttime="20241114 18:31:59.001" endtime="20241114 18:32:06.495"/>
</test>
<test id="s1-s2-t3" name="Login With Nonexistent Username" line="20">
<kw name="Reset Application Create User And Go To Login Page" type="SETUP">
<kw name="Reset Application" library="AppLibrary">
<status status="PASS" starttime="20241114 18:32:06.498" endtime="20241114 18:32:06.503"/>
</kw>
<kw name="Create User" library="AppLibrary">
<arg>kalle</arg>
<arg>kalle123</arg>
<status status="PASS" starttime="20241114 18:32:06.504" endtime="20241114 18:32:06.513"/>
</kw>
<kw name="Go To Login Page" library="resource">
<kw name="Go To" library="SeleniumLibrary">
<arg>${LOGIN_URL}</arg>
<doc>Navigates the current browser window to the provided ``url``.</doc>
<msg timestamp="20241114 18:32:06.514" level="INFO">Opening url 'http://localhost:5001/login'</msg>
<status status="PASS" starttime="20241114 18:32:06.514" endtime="20241114 18:32:07.044"/>
</kw>
<status status="PASS" starttime="20241114 18:32:06.513" endtime="20241114 18:32:07.045"/>
</kw>
<status status="PASS" starttime="20241114 18:32:06.498" endtime="20241114 18:32:07.045"/>
</kw>
<kw name="Set Username">
<arg>jormakka</arg>
<kw name="Input Text" library="SeleniumLibrary">
<arg>username</arg>
<arg>${username}</arg>
<doc>Types the given ``text`` into the text field identified by ``locator``.</doc>
<msg timestamp="20241114 18:32:07.049" level="INFO">Typing text 'jormakka' into text field 'username'.</msg>
<status status="PASS" starttime="20241114 18:32:07.047" endtime="20241114 18:32:08.677"/>
</kw>
<status status="PASS" starttime="20241114 18:32:07.046" endtime="20241114 18:32:08.678"/>
</kw>
<kw name="Set Password">
<arg>jormakka789</arg>
<kw name="Input Password" library="SeleniumLibrary">
<arg>password</arg>
<arg>${password}</arg>
<doc>Types the given password into the text field identified by ``locator``.</doc>
<msg timestamp="20241114 18:32:08.680" level="INFO">Typing password into text field 'password'.</msg>
<msg timestamp="20241114 18:32:09.732" level="INFO">Temporally setting log level to: NONE</msg>
<msg timestamp="20241114 18:32:10.303" level="INFO">Log level changed from NONE to INFO.</msg>
<status status="PASS" starttime="20241114 18:32:08.679" endtime="20241114 18:32:10.304"/>
</kw>
<status status="PASS" starttime="20241114 18:32:08.678" endtime="20241114 18:32:10.304"/>
</kw>
<kw name="Submit Credentials">
<kw name="Click Button" library="SeleniumLibrary">
<arg>Login</arg>
<doc>Clicks the button identified by ``locator``.</doc>
<msg timestamp="20241114 18:32:10.306" level="INFO">Clicking button 'Login'.</msg>
<status status="PASS" starttime="20241114 18:32:10.305" endtime="20241114 18:32:12.434"/>
</kw>
<status status="PASS" starttime="20241114 18:32:10.305" endtime="20241114 18:32:12.435"/>
</kw>
<kw name="Login Should Fail With Message">
<arg>Invalid username or password</arg>
<kw name="Login Page Should Be Open" library="resource">
<kw name="Title Should Be" library="SeleniumLibrary">
<arg>Login</arg>
<doc>Verifies that the current page title equals ``title``.</doc>
<msg timestamp="20241114 18:32:12.949" level="INFO">Page title is 'Login'.</msg>
<status status="PASS" starttime="20241114 18:32:12.437" endtime="20241114 18:32:12.950"/>
</kw>
<status status="PASS" starttime="20241114 18:32:12.437" endtime="20241114 18:32:12.950"/>
</kw>
<kw name="Page Should Contain" library="SeleniumLibrary">
<arg>${message}</arg>
<doc>Verifies that current page contains ``text``.</doc>
<msg timestamp="20241114 18:32:13.978" level="INFO">Current page contains text 'Invalid username or password'.</msg>
<status status="PASS" starttime="20241114 18:32:12.951" endtime="20241114 18:32:13.978"/>
</kw>
<status status="PASS" starttime="20241114 18:32:12.435" endtime="20241114 18:32:13.979"/>
</kw>
<status status="PASS" starttime="20241114 18:32:06.497" endtime="20241114 18:32:13.979"/>
</test>
<kw name="Close Browser" library="SeleniumLibrary" type="TEARDOWN">
<doc>Closes the current browser.</doc>
<status status="PASS" starttime="20241114 18:32:13.981" endtime="20241114 18:32:14.544"/>
</kw>
<status status="PASS" starttime="20241114 18:31:51.751" endtime="20241114 18:32:14.544"/>
</suite>
<status status="PASS" starttime="20241114 18:31:44.731" endtime="20241114 18:32:14.548"/>
</suite>
<statistics>
<total>
<stat pass="5" fail="0" skip="0">All Tests</stat>
</total>
<tag>
</tag>
<suite>
<stat pass="5" fail="0" skip="0" id="s1" name="Tests">Tests</stat>
<stat pass="2" fail="0" skip="0" id="s1-s1" name="Home">Tests.Home</stat>
<stat pass="3" fail="0" skip="0" id="s1-s2" name="Login">Tests.Login</stat>
</suite>
</statistics>
<errors>
</errors>
</robot>
